2023-09-23T14:30:09.229+03:00  INFO 6284 --- [main] o.o.sblogging.Laba22Application          : Starting Laba22Application using Java 20.0.2 with PID 6284 (D:\Bursa\Java\laba22\target\classes started by boguc in D:\Bursa\Java\laba22)
2023-09-23T14:30:09.233+03:00  INFO 6284 --- [main] o.o.sblogging.Laba22Application          : No active profile set, falling back to 1 default profile: "default"
2023-09-23T14:30:10.032+03:00  INFO 6284 --- [main] o.s.b.w.embedded.tomcat.TomcatWebServer  : Tomcat initialized with port(s): 8080 (http)
2023-09-23T14:30:10.045+03:00  INFO 6284 --- [main] o.apache.catalina.core.StandardService   : Starting service [Tomcat]
2023-09-23T14:30:10.045+03:00  INFO 6284 --- [main] o.apache.catalina.core.StandardEngine    : Starting Servlet engine: [Apache Tomcat/10.1.13]
2023-09-23T14:30:10.145+03:00  INFO 6284 --- [main] o.a.c.c.C.[Tomcat].[localhost].[/]       : Initializing Spring embedded WebApplicationContext
2023-09-23T14:30:10.146+03:00  INFO 6284 --- [main] w.s.c.ServletWebServerApplicationContext : Root WebApplicationContext: initialization completed in 847 ms
2023-09-23T14:30:10.471+03:00  WARN 6284 --- [main] ConfigServletWebServerApplicationContext : Exception encountered during context initialization - cancelling refresh attempt: org.springframework.context.ApplicationContextException: Failed to start bean 'webServerStartStop'
2023-09-23T14:30:10.475+03:00  INFO 6284 --- [main] o.apache.catalina.core.StandardService   : Stopping service [Tomcat]
2023-09-23T14:30:10.491+03:00  INFO 6284 --- [main] .s.b.a.l.ConditionEvaluationReportLogger : 

Error starting ApplicationContext. To display the condition evaluation report re-run your application with 'debug' enabled.
2023-09-23T14:30:10.513+03:00 ERROR 6284 --- [main] o.s.b.d.LoggingFailureAnalysisReporter   : 

***************************
APPLICATION FAILED TO START
***************************

Description:

Web server failed to start. Port 8080 was already in use.

Action:

Identify and stop the process that's listening on port 8080 or configure this application to listen on another port.

2023-09-23T14:30:37.819+03:00  INFO 7096 --- [main] o.o.sblogging.Laba22Application          : Starting Laba22Application using Java 20.0.2 with PID 7096 (D:\Bursa\Java\laba22\target\classes started by boguc in D:\Bursa\Java\laba22)
2023-09-23T14:30:37.822+03:00  INFO 7096 --- [main] o.o.sblogging.Laba22Application          : No active profile set, falling back to 1 default profile: "default"
2023-09-23T14:30:38.627+03:00  INFO 7096 --- [main] o.s.b.w.embedded.tomcat.TomcatWebServer  : Tomcat initialized with port(s): 8080 (http)
2023-09-23T14:30:38.639+03:00  INFO 7096 --- [main] o.apache.catalina.core.StandardService   : Starting service [Tomcat]
2023-09-23T14:30:38.639+03:00  INFO 7096 --- [main] o.apache.catalina.core.StandardEngine    : Starting Servlet engine: [Apache Tomcat/10.1.13]
2023-09-23T14:30:38.740+03:00  INFO 7096 --- [main] o.a.c.c.C.[Tomcat].[localhost].[/]       : Initializing Spring embedded WebApplicationContext
2023-09-23T14:30:38.741+03:00  INFO 7096 --- [main] w.s.c.ServletWebServerApplicationContext : Root WebApplicationContext: initialization completed in 855 ms
2023-09-23T14:30:39.174+03:00  INFO 7096 --- [main] o.s.b.w.embedded.tomcat.TomcatWebServer  : Tomcat started on port(s): 8080 (http) with context path ''
2023-09-23T14:30:39.185+03:00  INFO 7096 --- [main] o.o.sblogging.Laba22Application          : Started Laba22Application in 1.78 seconds (process running for 2.412)
2023-09-23T14:30:45.776+03:00  INFO 7096 --- [http-nio-8080-exec-1] o.a.c.c.C.[Tomcat].[localhost].[/]       : Initializing Spring DispatcherServlet 'dispatcherServlet'
2023-09-23T14:30:45.777+03:00  INFO 7096 --- [http-nio-8080-exec-1] o.s.web.servlet.DispatcherServlet        : Initializing Servlet 'dispatcherServlet'
2023-09-23T14:30:45.779+03:00  INFO 7096 --- [http-nio-8080-exec-1] o.s.web.servlet.DispatcherServlet        : Completed initialization in 2 ms
2023-09-23T14:31:16.590+03:00  INFO 7096 --- [RMI TCP Connection(10)-127.0.0.1] inMXBeanRegistrar$SpringApplicationAdmin : Application shutdown requested.
2023-09-23T14:31:16.617+03:00  INFO 7096 --- [RMI TCP Connection(10)-127.0.0.1] o.apache.catalina.core.StandardService   : Stopping service [Tomcat]
2023-09-23T14:31:16.621+03:00  INFO 7096 --- [RMI TCP Connection(10)-127.0.0.1] o.a.c.c.C.[Tomcat].[localhost].[/]       : Destroying Spring FrameworkServlet 'dispatcherServlet'
